
> agora-backend@1.0.0 start:dev
> nest start --watch

[2J[3J[H[[90m10:21:37 AM[0m] Starting compilation in watch mode...

[[90m10:21:38 AM[0m] Found 0 errors. Watching for file changes.

[32m[Nest] 26056  - [39m07/13/2025, 10:21:38 AM [32m    LOG[39m [38;5;3m[NestFactory] [39m[32mStarting Nest application...[39m
[32m[Nest] 26056  - [39m07/13/2025, 10:21:38 AM [32m    LOG[39m [38;5;3m[InstanceLoader] [39m[32mPrismaModule dependencies initialized[39m[38;5;3m +8ms[39m
[32m[Nest] 26056  - [39m07/13/2025, 10:21:38 AM [32m    LOG[39m [38;5;3m[InstanceLoader] [39m[32mPassportModule dependencies initialized[39m[38;5;3m +0ms[39m
[32m[Nest] 26056  - [39m07/13/2025, 10:21:38 AM [32m    LOG[39m [38;5;3m[InstanceLoader] [39m[32mConfigHostModule dependencies initialized[39m[38;5;3m +1ms[39m
[32m[Nest] 26056  - [39m07/13/2025, 10:21:38 AM [32m    LOG[39m [38;5;3m[InstanceLoader] [39m[32mDiscoveryModule dependencies initialized[39m[38;5;3m +0ms[39m
[32m[Nest] 26056  - [39m07/13/2025, 10:21:38 AM [32m    LOG[39m [38;5;3m[InstanceLoader] [39m[32mAppModule dependencies initialized[39m[38;5;3m +1ms[39m
[32m[Nest] 26056  - [39m07/13/2025, 10:21:38 AM [32m    LOG[39m [38;5;3m[InstanceLoader] [39m[32mConfigModule dependencies initialized[39m[38;5;3m +0ms[39m
[32m[Nest] 26056  - [39m07/13/2025, 10:21:38 AM [32m    LOG[39m [38;5;3m[InstanceLoader] [39m[32mConfigModule dependencies initialized[39m[38;5;3m +0ms[39m
[32m[Nest] 26056  - [39m07/13/2025, 10:21:38 AM [32m    LOG[39m [38;5;3m[InstanceLoader] [39m[32mEventEmitterModule dependencies initialized[39m[38;5;3m +0ms[39m
[32m[Nest] 26056  - [39m07/13/2025, 10:21:38 AM [32m    LOG[39m [38;5;3m[InstanceLoader] [39m[32mScheduleModule dependencies initialized[39m[38;5;3m +0ms[39m
[32m[Nest] 26056  - [39m07/13/2025, 10:21:38 AM [32m    LOG[39m [38;5;3m[InstanceLoader] [39m[32mJwtModule dependencies initialized[39m[38;5;3m +1ms[39m
[32m[Nest] 26056  - [39m07/13/2025, 10:21:38 AM [32m    LOG[39m [38;5;3m[InstanceLoader] [39m[32mWalletModule dependencies initialized[39m[38;5;3m +0ms[39m
[32m[Nest] 26056  - [39m07/13/2025, 10:21:38 AM [32m    LOG[39m [38;5;3m[InstanceLoader] [39m[32mChatModule dependencies initialized[39m[38;5;3m +0ms[39m
[32m[Nest] 26056  - [39m07/13/2025, 10:21:38 AM [32m    LOG[39m [38;5;3m[InstanceLoader] [39m[32mBillingModule dependencies initialized[39m[38;5;3m +0ms[39m
[32m[Nest] 26056  - [39m07/13/2025, 10:21:38 AM [32m    LOG[39m [38;5;3m[InstanceLoader] [39m[32mAgoraModule dependencies initialized[39m[38;5;3m +0ms[39m
[32m[Nest] 26056  - [39m07/13/2025, 10:21:38 AM [32m    LOG[39m [38;5;3m[InstanceLoader] [39m[32mGooglePayModule dependencies initialized[39m[38;5;3m +0ms[39m
[32m[Nest] 26056  - [39m07/13/2025, 10:21:38 AM [32m    LOG[39m [38;5;3m[InstanceLoader] [39m[32mAuthModule dependencies initialized[39m[38;5;3m +0ms[39m
[32m[Nest] 26056  - [39m07/13/2025, 10:21:38 AM [32m    LOG[39m [38;5;3m[InstanceLoader] [39m[32mCallModule dependencies initialized[39m[38;5;3m +0ms[39m
[32m[Nest] 26056  - [39m07/13/2025, 10:21:38 AM [32m    LOG[39m [38;5;3m[WebSocketsController] [39m[32mChatGateway subscribed to the "user:register" message[39m[38;5;3m +8ms[39m
[32m[Nest] 26056  - [39m07/13/2025, 10:21:38 AM [32m    LOG[39m [38;5;3m[WebSocketsController] [39m[32mChatGateway subscribed to the "message:send" message[39m[38;5;3m +0ms[39m
[32m[Nest] 26056  - [39m07/13/2025, 10:21:38 AM [32m    LOG[39m [38;5;3m[WebSocketsController] [39m[32mChatGateway subscribed to the "messages:get" message[39m[38;5;3m +0ms[39m
[32m[Nest] 26056  - [39m07/13/2025, 10:21:38 AM [32m    LOG[39m [38;5;3m[WebSocketsController] [39m[32mChatGateway subscribed to the "typing:start" message[39m[38;5;3m +0ms[39m
[32m[Nest] 26056  - [39m07/13/2025, 10:21:38 AM [32m    LOG[39m [38;5;3m[WebSocketsController] [39m[32mChatGateway subscribed to the "typing:stop" message[39m[38;5;3m +0ms[39m
[32m[Nest] 26056  - [39m07/13/2025, 10:21:38 AM [32m    LOG[39m [38;5;3m[WebSocketsController] [39m[32mCallGateway subscribed to the "user:register" message[39m[38;5;3m +0ms[39m
[32m[Nest] 26056  - [39m07/13/2025, 10:21:38 AM [32m    LOG[39m [38;5;3m[WebSocketsController] [39m[32mCallGateway subscribed to the "call:accept" message[39m[38;5;3m +0ms[39m
[32m[Nest] 26056  - [39m07/13/2025, 10:21:38 AM [32m    LOG[39m [38;5;3m[WebSocketsController] [39m[32mCallGateway subscribed to the "call:reject" message[39m[38;5;3m +0ms[39m
[32m[Nest] 26056  - [39m07/13/2025, 10:21:38 AM [32m    LOG[39m [38;5;3m[WebSocketsController] [39m[32mCallGateway subscribed to the "call:end" message[39m[38;5;3m +0ms[39m
[32m[Nest] 26056  - [39m07/13/2025, 10:21:38 AM [32m    LOG[39m [38;5;3m[RoutesResolver] [39m[32mAppController {/api}:[39m[38;5;3m +0ms[39m
[32m[Nest] 26056  - [39m07/13/2025, 10:21:38 AM [32m    LOG[39m [38;5;3m[RouterExplorer] [39m[32mMapped {/api, GET} route[39m[38;5;3m +1ms[39m
[32m[Nest] 26056  - [39m07/13/2025, 10:21:38 AM [32m    LOG[39m [38;5;3m[RouterExplorer] [39m[32mMapped {/api/health, GET} route[39m[38;5;3m +0ms[39m
[32m[Nest] 26056  - [39m07/13/2025, 10:21:38 AM [32m    LOG[39m [38;5;3m[RouterExplorer] [39m[32mMapped {/api/setup, POST} route[39m[38;5;3m +0ms[39m
[32m[Nest] 26056  - [39m07/13/2025, 10:21:38 AM [32m    LOG[39m [38;5;3m[RoutesResolver] [39m[32mAuthController {/api/auth}:[39m[38;5;3m +0ms[39m
[32m[Nest] 26056  - [39m07/13/2025, 10:21:38 AM [32m    LOG[39m [38;5;3m[RouterExplorer] [39m[32mMapped {/api/auth/register, POST} route[39m[38;5;3m +0ms[39m
[32m[Nest] 26056  - [39m07/13/2025, 10:21:38 AM [32m    LOG[39m [38;5;3m[RouterExplorer] [39m[32mMapped {/api/auth/login, POST} route[39m[38;5;3m +0ms[39m
[32m[Nest] 26056  - [39m07/13/2025, 10:21:38 AM [32m    LOG[39m [38;5;3m[RouterExplorer] [39m[32mMapped {/api/auth/profile, GET} route[39m[38;5;3m +0ms[39m
[32m[Nest] 26056  - [39m07/13/2025, 10:21:38 AM [32m    LOG[39m [38;5;3m[RouterExplorer] [39m[32mMapped {/api/auth/me, GET} route[39m[38;5;3m +0ms[39m
[32m[Nest] 26056  - [39m07/13/2025, 10:21:38 AM [32m    LOG[39m [38;5;3m[RoutesResolver] [39m[32mWalletController {/api/wallet}:[39m[38;5;3m +0ms[39m
[32m[Nest] 26056  - [39m07/13/2025, 10:21:38 AM [32m    LOG[39m [38;5;3m[RouterExplorer] [39m[32mMapped {/api/wallet/balance, GET} route[39m[38;5;3m +1ms[39m
[32m[Nest] 26056  - [39m07/13/2025, 10:21:38 AM [32m    LOG[39m [38;5;3m[RouterExplorer] [39m[32mMapped {/api/wallet/transactions, GET} route[39m[38;5;3m +0ms[39m
[32m[Nest] 26056  - [39m07/13/2025, 10:21:38 AM [32m    LOG[39m [38;5;3m[RouterExplorer] [39m[32mMapped {/api/wallet/add-money, POST} route[39m[38;5;3m +0ms[39m
[32m[Nest] 26056  - [39m07/13/2025, 10:21:38 AM [32m    LOG[39m [38;5;3m[RouterExplorer] [39m[32mMapped {/api/wallet/withdrawal, POST} route[39m[38;5;3m +0ms[39m
[32m[Nest] 26056  - [39m07/13/2025, 10:21:38 AM [32m    LOG[39m [38;5;3m[RoutesResolver] [39m[32mGooglePayController {/api/google-pay}:[39m[38;5;3m +0ms[39m
[32m[Nest] 26056  - [39m07/13/2025, 10:21:38 AM [32m    LOG[39m [38;5;3m[RouterExplorer] [39m[32mMapped {/api/google-pay/config, GET} route[39m[38;5;3m +0ms[39m
[32m[Nest] 26056  - [39m07/13/2025, 10:21:38 AM [32m    LOG[39m [38;5;3m[RouterExplorer] [39m[32mMapped {/api/google-pay/payment-methods, GET} route[39m[38;5;3m +0ms[39m
[32m[Nest] 26056  - [39m07/13/2025, 10:21:38 AM [32m    LOG[39m [38;5;3m[RouterExplorer] [39m[32mMapped {/api/google-pay/create-payment-data, POST} route[39m[38;5;3m +0ms[39m
[32m[Nest] 26056  - [39m07/13/2025, 10:21:38 AM [32m    LOG[39m [38;5;3m[RouterExplorer] [39m[32mMapped {/api/google-pay/process-payment, POST} route[39m[38;5;3m +0ms[39m
[32m[Nest] 26056  - [39m07/13/2025, 10:21:38 AM [32m    LOG[39m [38;5;3m[RouterExplorer] [39m[32mMapped {/api/google-pay/process-withdrawal, POST} route[39m[38;5;3m +0ms[39m
[32m[Nest] 26056  - [39m07/13/2025, 10:21:38 AM [32m    LOG[39m [38;5;3m[RoutesResolver] [39m[32mChatController {/api/chat}:[39m[38;5;3m +0ms[39m
[32m[Nest] 26056  - [39m07/13/2025, 10:21:38 AM [32m    LOG[39m [38;5;3m[RouterExplorer] [39m[32mMapped {/api/chat/messages, POST} route[39m[38;5;3m +0ms[39m
[32m[Nest] 26056  - [39m07/13/2025, 10:21:38 AM [32m    LOG[39m [38;5;3m[RouterExplorer] [39m[32mMapped {/api/chat/send, POST} route[39m[38;5;3m +0ms[39m
[32m[Nest] 26056  - [39m07/13/2025, 10:21:38 AM [32m    LOG[39m [38;5;3m[RouterExplorer] [39m[32mMapped {/api/chat/conversations/:partnerId, GET} route[39m[38;5;3m +0ms[39m
[32m[Nest] 26056  - [39m07/13/2025, 10:21:38 AM [32m    LOG[39m [38;5;3m[RouterExplorer] [39m[32mMapped {/api/chat/users/available, GET} route[39m[38;5;3m +0ms[39m
[32m[Nest] 26056  - [39m07/13/2025, 10:21:38 AM [32m    LOG[39m [38;5;3m[RouterExplorer] [39m[32mMapped {/api/chat/stats, GET} route[39m[38;5;3m +0ms[39m
[32m[Nest] 26056  - [39m07/13/2025, 10:21:38 AM [32m    LOG[39m [38;5;3m[RouterExplorer] [39m[32mMapped {/api/chat/conversations, GET} route[39m[38;5;3m +0ms[39m
[32m[Nest] 26056  - [39m07/13/2025, 10:21:38 AM [32m    LOG[39m [38;5;3m[RoutesResolver] [39m[32mBillingController {/api/billing}:[39m[38;5;3m +0ms[39m
[32m[Nest] 26056  - [39m07/13/2025, 10:21:38 AM [32m    LOG[39m [38;5;3m[RouterExplorer] [39m[32mMapped {/api/billing/pricing, GET} route[39m[38;5;3m +0ms[39m
[32m[Nest] 26056  - [39m07/13/2025, 10:21:38 AM [32m    LOG[39m [38;5;3m[RouterExplorer] [39m[32mMapped {/api/billing/estimate, POST} route[39m[38;5;3m +0ms[39m
[32m[Nest] 26056  - [39m07/13/2025, 10:21:38 AM [32m    LOG[39m [38;5;3m[RoutesResolver] [39m[32mAgoraController {/api/agora}:[39m[38;5;3m +0ms[39m
[32m[Nest] 26056  - [39m07/13/2025, 10:21:38 AM [32m    LOG[39m [38;5;3m[RouterExplorer] [39m[32mMapped {/api/agora/token/rtc, POST} route[39m[38;5;3m +0ms[39m
[32m[Nest] 26056  - [39m07/13/2025, 10:21:38 AM [32m    LOG[39m [38;5;3m[RouterExplorer] [39m[32mMapped {/api/agora/token/chat, POST} route[39m[38;5;3m +0ms[39m
[32m[Nest] 26056  - [39m07/13/2025, 10:21:38 AM [32m    LOG[39m [38;5;3m[RouterExplorer] [39m[32mMapped {/api/agora/token/rtm, POST} route[39m[38;5;3m +1ms[39m
[32m[Nest] 26056  - [39m07/13/2025, 10:21:38 AM [32m    LOG[39m [38;5;3m[RouterExplorer] [39m[32mMapped {/api/agora/credentials, POST} route[39m[38;5;3m +0ms[39m
[32m[Nest] 26056  - [39m07/13/2025, 10:21:38 AM [32m    LOG[39m [38;5;3m[RouterExplorer] [39m[32mMapped {/api/agora/channel/generate, POST} route[39m[38;5;3m +0ms[39m
[32m[Nest] 26056  - [39m07/13/2025, 10:21:38 AM [32m    LOG[39m [38;5;3m[RoutesResolver] [39m[32mCallController {/api/calls}:[39m[38;5;3m +0ms[39m
[32m[Nest] 26056  - [39m07/13/2025, 10:21:38 AM [32m    LOG[39m [38;5;3m[RouterExplorer] [39m[32mMapped {/api/calls/initiate, POST} route[39m[38;5;3m +0ms[39m
[32m[Nest] 26056  - [39m07/13/2025, 10:21:38 AM [32m    LOG[39m [38;5;3m[RouterExplorer] [39m[32mMapped {/api/calls/start, POST} route[39m[38;5;3m +0ms[39m
[32m[Nest] 26056  - [39m07/13/2025, 10:21:38 AM [32m    LOG[39m [38;5;3m[RouterExplorer] [39m[32mMapped {/api/calls/end, POST} route[39m[38;5;3m +0ms[39m
[32m[Nest] 26056  - [39m07/13/2025, 10:21:38 AM [32m    LOG[39m [38;5;3m[RouterExplorer] [39m[32mMapped {/api/calls/:callId/cancel, POST} route[39m[38;5;3m +0ms[39m
[32m[Nest] 26056  - [39m07/13/2025, 10:21:38 AM [32m    LOG[39m [38;5;3m[RouterExplorer] [39m[32mMapped {/api/calls/history, GET} route[39m[38;5;3m +0ms[39m
[32m[Nest] 26056  - [39m07/13/2025, 10:21:38 AM [32m    LOG[39m [38;5;3m[RouterExplorer] [39m[32mMapped {/api/calls/active, GET} route[39m[38;5;3m +0ms[39m
🔗 Database connected successfully
[32m[Nest] 26056  - [39m07/13/2025, 10:21:38 AM [32m    LOG[39m [38;5;3m[NestApplication] [39m[32mNest application successfully started[39m[38;5;3m +15ms[39m
🚀 Agora Backend Server running on http://localhost:3001
📚 API Documentation: http://localhost:3001/api
